<?xml version="1.0" encoding="UTF-8" ?>
<testsuite tests="5" failures="0" name="runners.TestRunner" time="0.022" errors="0" skipped="0">
  <properties>
    <property name="java.runtime.name" value="Java(TM) SE Runtime Environment"/>
    <property name="sun.boot.library.path" value="C:\Program Files\Java\jdk1.8.0_73\jre\bin"/>
    <property name="java.vm.version" value="25.73-b02"/>
    <property name="java.vm.vendor" value="Oracle Corporation"/>
    <property name="maven.multiModuleProjectDirectory" value="G:\_____Framework_____\CoreJava_Selenium\demo\fw_bdd_page_object_factory"/>
    <property name="java.vendor.url" value="http://java.oracle.com/"/>
    <property name="path.separator" value=";"/>
    <property name="guice.disable.misplaced.annotation.check" value="true"/>
    <property name="java.vm.name" value="Java HotSpot(TM) 64-Bit Server VM"/>
    <property name="file.encoding.pkg" value="sun.io"/>
    <property name="user.script" value=""/>
    <property name="user.country" value="IN"/>
    <property name="sun.java.launcher" value="SUN_STANDARD"/>
    <property name="sun.os.patch.level" value=""/>
    <property name="java.vm.specification.name" value="Java Virtual Machine Specification"/>
    <property name="user.dir" value="G:\_____Framework_____\CoreJava_Selenium\demo\fw_bdd_page_object_factory"/>
    <property name="java.runtime.version" value="1.8.0_73-b02"/>
    <property name="java.awt.graphicsenv" value="sun.awt.Win32GraphicsEnvironment"/>
    <property name="java.endorsed.dirs" value="C:\Program Files\Java\jdk1.8.0_73\jre\lib\endorsed"/>
    <property name="os.arch" value="amd64"/>
    <property name="java.io.tmpdir" value="C:\Users\Shrikant\AppData\Local\Temp\"/>
    <property name="line.separator" value="
"/>
    <property name="java.vm.specification.vendor" value="Oracle Corporation"/>
    <property name="user.variant" value=""/>
    <property name="os.name" value="Windows 7"/>
    <property name="classworlds.conf" value="D:\Software\Maven\apache-maven-3.3.3\bin\m2.conf"/>
    <property name="sun.jnu.encoding" value="Cp1252"/>
    <property name="java.library.path" value="C:\Program Files\Java\jdk1.8.0_73\bin;C:\Windows\Sun\Java\bin;C:\Windows\system32;C:\Windows;C:\windows\system32;C:\windows;C:\windows\System32\WindowsPowerShell\v1.0;C:\Ruby225\bin;C:\ProgramData\Oracle\Java\javapath;C:\Program Files;C:\Program Files (x86);D:\Software\BrowserInstall_Do_Not_Delete;D:\Software\Maven\apache-maven-3.3.3\bin;D:\Software\Maven\apache-maven-3.3.3\bin;D:\Automation_project\Commom_jars_files\TestNG_latest;C:\Program Files\Java\jdk1.8.0_73\bin;D:\Software\windows_util_donotdelete;C:\Python27;C:\Python27\Scripts;C:\Program Files (x86)\Groovy\Groovy-2.5.0\bin;D:\Automation_project\Commom_jars_files\SQLiteExecutable;G:\Shrikant_Software_Dont_Delete\mysql-5.6.38-winx64\bin;C:\Program Files (x86)\WinMerge;C:\Users\Shrikant\AppData\Local\GitHub\PortableGit_624c8416ee51e205b3f892d1d904e06e6f3c57c8;D:\Software\apache-tomcat-8.0.30\bin;D:\Software\apache-tomcat-8.0.30;G:\_____Framework_____\CICD________\fortransfer;C:\Users\Shrikant\AppData\Local\GitHubDesktop\bin;D:\Software\IntelliJ\IntelliJ IDEA Community Edition 2019.1\bin;;."/>
    <property name="java.specification.name" value="Java Platform API Specification"/>
    <property name="java.class.version" value="52.0"/>
    <property name="sun.management.compiler" value="HotSpot 64-Bit Tiered Compilers"/>
    <property name="os.version" value="6.1"/>
    <property name="user.home" value="C:\Users\Shrikant"/>
    <property name="user.timezone" value="Asia/Calcutta"/>
    <property name="java.awt.printerjob" value="sun.awt.windows.WPrinterJob"/>
    <property name="java.specification.version" value="1.8"/>
    <property name="file.encoding" value="UTF-8"/>
    <property name="user.name" value="Shrikant"/>
    <property name="java.class.path" value="D:\Software\Maven\apache-maven-3.3.3\boot\plexus-classworlds-2.5.2.jar;D:\Software\IntelliJ\IntelliJ IDEA Community Edition 2019.1\lib\idea_rt.jar"/>
    <property name="java.vm.specification.version" value="1.8"/>
    <property name="sun.arch.data.model" value="64"/>
    <property name="java.home" value="C:\Program Files\Java\jdk1.8.0_73\jre"/>
    <property name="sun.java.command" value="org.codehaus.classworlds.Launcher -Didea.version2019.1 clean test"/>
    <property name="java.specification.vendor" value="Oracle Corporation"/>
    <property name="user.language" value="en"/>
    <property name="awt.toolkit" value="sun.awt.windows.WToolkit"/>
    <property name="java.vm.info" value="mixed mode"/>
    <property name="java.version" value="1.8.0_73"/>
    <property name="java.ext.dirs" value="C:\Program Files\Java\jdk1.8.0_73\jre\lib\ext;C:\Windows\Sun\Java\lib\ext"/>
    <property name="sun.boot.class.path" value="C:\Program Files\Java\jdk1.8.0_73\jre\lib\resources.jar;C:\Program Files\Java\jdk1.8.0_73\jre\lib\rt.jar;C:\Program Files\Java\jdk1.8.0_73\jre\lib\sunrsasign.jar;C:\Program Files\Java\jdk1.8.0_73\jre\lib\jsse.jar;C:\Program Files\Java\jdk1.8.0_73\jre\lib\jce.jar;C:\Program Files\Java\jdk1.8.0_73\jre\lib\charsets.jar;C:\Program Files\Java\jdk1.8.0_73\jre\lib\jfr.jar;C:\Program Files\Java\jdk1.8.0_73\jre\classes"/>
    <property name="java.vendor" value="Oracle Corporation"/>
    <property name="maven.home" value="D:\Software\Maven\apache-maven-3.3.3"/>
    <property name="file.separator" value="\"/>
    <property name="java.vendor.url.bug" value="http://bugreport.sun.com/bugreport/"/>
    <property name="idea.version2019.1" value="true"/>
    <property name="sun.cpu.endian" value="little"/>
    <property name="sun.io.unicode.encoding" value="UnicodeLittle"/>
    <property name="sun.desktop" value="windows"/>
    <property name="sun.cpu.isalist" value="amd64"/>
  </properties>
  <testcase classname="Scenario: Case 1 - Login" name="Given I open browser and launch website" time="0.005"/>
  <testcase classname="Scenario: Case 1 - Login" name="When I click on add customer" time="0"/>
  <testcase classname="Scenario: Case 1 - Login" name="And I fill customer details" time="0"/>
  <testcase classname="Scenario: Case 1 - Login" name="Then I validate customer details" time="0"/>
  <testcase classname="Scenario: Case 1 - Login" name="Scenario: Case 1 - Login" time="0.017"/>
</testsuite>